----
To: db2672329@gmail.com
Subject: Reset password OTP - Imperial Crown Hotel
Text:
Your OTP to reset password is: 285371
OTP expires in 30 minutes.
Set new password: http://localhost/Hotel_Booking_System./Hotel_Booking_System/reset_password.php?email=db2672329%40gmail.com
If you did not request, ignore this email.
HTML:

<div style="font-family:Segoe UI,Arial,sans-serif;line-height:1.5;background:linear-gradient(135deg,#667eea 0%, #764ba2 100%);padding:24px;border-radius:14px;color:#fff">
  <h2 style="margin:0 0 10px">Password Reset</h2>
  <p style="margin:0 0 18px;color:rgba(255,255,255,0.92)">
    We received a request to reset your password.
    Use the OTP below (expires in 30 minutes).
  </p>

  <div style="font-size:28px;font-weight:800;letter-spacing:6px;margin:14px 0;color:#0b1020;background:rgba(255,255,255,0.95);padding:14px 18px;border-radius:12px;display:inline-block">
    285371
  </div>

  <div style="margin-top:18px">
    <a href="http://localhost/Hotel_Booking_System./Hotel_Booking_System/reset_password.php?email=db2672329%40gmail.com"
       style="display:inline-block;text-decoration:none;background:#3498db;color:#fff;padding:12px 22px;border-radius:10px;font-weight:700">
      Set New Password
    </a>
  </div>

  <p style="margin:16px 0 0;color:rgba(255,255,255,0.85);font-size:13px">
    If you did not request this, ignore this email.
  </p>
</div>
